<?xml version="1.0" encoding="UTF-8"?>
<!-- Generated by org.testng.reporters.JUnitReportReporter -->
<testsuite skipped="0" hostname="Sampada-PC" name="com.facebook.TestCases.LoginPageTest" tests="2" failures="0" timestamp="06 Feb 2019 09:21:12 GMT" time="7.777" errors="0">
  <testcase name="verifyTitleTest" time="0.372" classname="com.facebook.TestCases.LoginPageTest"/>
  <testcase name="verifyLoginTest" time="7.405" classname="com.facebook.TestCases.LoginPageTest"/>
</testsuite> <!-- com.facebook.TestCases.LoginPageTest -->
